
  [32m[1mVITE[22m v6.4.3[39m  [2mready in [0m[1m8810[22m[2m[0m ms[22m

  [32m➜[39m  [1mLocal[22m:   [36mhttp://127.0.0.1:[1m3000[22m/[39m
[2m17:54:41[22m [36m[1m[vite][22m[39m [90m[2m(client)[22m[39m [32mhmr update [39m[2m/src/pages/Dashboard.vue, /src/pages/InstrumentGantt.vue[22m
[2m17:54:41[22m [36m[1m[vite][22m[39m [90m[2m(client)[22m[39m [32mhmr update [39m[2m/src/pages/InstrumentGantt.vue[22m
[2m17:55:08[22m [36m[1m[vite][22m[39m [90m[2m(client)[22m[39m [32mhmr update [39m[2m/src/pages/InstrumentGantt.vue[22m
[2m18:01:21[22m [36m[1m[vite][22m[39m [90m[2m(client)[22m[39m [32mhmr update [39m[2m/src/pages/tasks/TodayTaskCards.vue[22m
[2m18:01:32[22m [36m[1m[vite][22m[39m [90m[2m(client)[22m[39m [32mhmr update [39m[2m/src/pages/tasks/TodayTaskCards.vue[22m
[2m18:02:27[22m [36m[1m[vite][22m[39m [90m[2m(client)[22m[39m [32mhmr update [39m[2m/src/pages/tasks/TodayTaskCards.vue[22m
[2m18:02:37[22m [36m[1m[vite][22m[39m [90m[2m(client)[22m[39m [32mhmr update [39m[2m/src/pages/tasks/TodayTaskCards.vue?vue&type=style&index=0&scoped=6c78779a&lang.css[22m
[2m18:12:12[22m [36m[1m[vite][22m[39m [90m[2m(client)[22m[39m [32mhmr update [39m[2m/src/pages/InstrumentGantt.vue, /src/pages/InstrumentGantt.vue?vue&type=style&index=0&scoped=3483692d&lang.css[22m
[2m18:48:31[22m [36m[1m[vite][22m[39m [90m[2m(client)[22m[39m [32mhmr update [39m[2m/src/pages/Dashboard.vue, /src/pages/InstrumentGantt.vue, /src/pages/tasks/PersonalWorkspace.vue, /src/pages/tasks/TodayTaskCards.vue, /src/pages/ProjectBoard.vue, /src/pages/projects/PlanBreakdown.vue, /src/pages/projects/ResourceLedger.vue, /src/pages/kanban/ProjectGantt.vue, /src/pages/operations/DetailedReports.vue[22m
[2m18:48:31[22m [36m[1m[vite][22m[39m [90m[2m(client)[22m[39m [32mhmr update [39m[2m/src/pages/tasks/TodayTaskCards.vue[22m
[2m18:49:03[22m [36m[1m[vite][22m[39m [90m[2m(client)[22m[39m [32mhmr update [39m[2m/src/pages/InstrumentGantt.vue, /src/pages/InstrumentGantt.vue?vue&type=style&index=0&scoped=3483692d&lang.css[22m
[2m18:49:03[22m [36m[1m[vite][22m[39m [90m[2m(client)[22m[39m [32mhmr update [39m[2m/src/pages/kanban/ProjectGantt.vue, /src/pages/kanban/ProjectGantt.vue?vue&type=style&index=0&scoped=f5357caf&lang.css[22m
[2m08:29:20[22m [36m[1m[vite][22m[39m [90m[2m(client)[22m[39m [32mhmr update [39m[2m/src/pages/InstrumentGantt.vue, /src/pages/InstrumentGantt.vue?vue&type=style&index=0&scoped=3483692d&lang.css[22m
[2m08:29:36[22m [36m[1m[vite][22m[39m [90m[2m(client)[22m[39m [32mhmr update [39m[2m/src/pages/kanban/ProjectGantt.vue, /src/pages/kanban/ProjectGantt.vue?vue&type=style&index=0&scoped=f5357caf&lang.css[22m
[2m08:40:48[22m [36m[1m[vite][22m[39m [90m[2m(client)[22m[39m [32mhmr update [39m[2m/src/pages/InstrumentGantt.vue[22m
[2m08:41:09[22m [36m[1m[vite][22m[39m [90m[2m(client)[22m[39m [32mhmr update [39m[2m/src/pages/InstrumentGantt.vue[22m
[2m08:41:31[22m [36m[1m[vite][22m[39m [90m[2m(client)[22m[39m [32mhmr update [39m[2m/src/pages/InstrumentGantt.vue?vue&type=style&index=0&scoped=3483692d&lang.css[22m
[2m08:41:47[22m [36m[1m[vite][22m[39m [90m[2m(client)[22m[39m [32mhmr update [39m[2m/src/pages/kanban/ProjectGantt.vue[22m
[2m08:42:42[22m [36m[1m[vite][22m[39m [90m[2m(client)[22m[39m [32mhmr update [39m[2m/src/pages/kanban/ProjectGantt.vue[22m
[2m08:43:05[22m [36m[1m[vite][22m[39m [90m[2m(client)[22m[39m [32mhmr update [39m[2m/src/pages/kanban/ProjectGantt.vue?vue&type=style&index=0&scoped=f5357caf&lang.css[22m
[2m08:43:15[22m [36m[1m[vite][22m[39m [90m[2m(client)[22m[39m [32mhmr update [39m[2m/src/pages/InstrumentGantt.vue?vue&type=style&index=0&scoped=3483692d&lang.css[22m
[2m08:43:26[22m [36m[1m[vite][22m[39m [90m[2m(client)[22m[39m [32mhmr update [39m[2m/src/pages/kanban/ProjectGantt.vue?vue&type=style&index=0&scoped=f5357caf&lang.css[22m
[2m09:05:14[22m [36m[1m[vite][22m[39m [90m[2m(client)[22m[39m [32mhmr update [39m[2m/src/pages/Dashboard.vue, /src/pages/InstrumentGantt.vue, /src/pages/tasks/PersonalWorkspace.vue, /src/pages/tasks/TodayTaskCards.vue, /src/pages/ProjectBoard.vue, /src/pages/projects/PlanBreakdown.vue, /src/pages/projects/ResourceLedger.vue, /src/pages/kanban/ProjectGantt.vue, /src/pages/operations/DetailedReports.vue, /src/pages/ProjectDAG.vue, /src/pages/schedule/ScheduleRules.vue[22m
[2m09:06:44[22m [36m[1m[vite][22m[39m [90m[2m(client)[22m[39m [32mhmr update [39m[2m/src/pages/tasks/TodayTaskCards.vue[22m
[2m09:06:59[22m [36m[1m[vite][22m[39m [90m[2m(client)[22m[39m [32mhmr update [39m[2m/src/pages/tasks/TodayTaskCards.vue[22m
[2m09:19:26[22m [36m[1m[vite][22m[39m [90m[2m(client)[22m[39m [32mhmr update [39m[2m/src/pages/InstrumentGantt.vue[22m
[2m09:21:04[22m [36m[1m[vite][22m[39m [90m[2m(client)[22m[39m [32mhmr update [39m[2m/src/pages/kanban/ProjectGantt.vue[22m
[2m09:32:40[22m [36m[1m[vite][22m[39m [90m[2m(client)[22m[39m [32mhmr update [39m[2m/src/pages/tasks/TodayTaskCards.vue[22m
[2m09:32:55[22m [36m[1m[vite][22m[39m [90m[2m(client)[22m[39m [32mhmr update [39m[2m/src/pages/tasks/TodayTaskCards.vue[22m
[2m09:33:20[22m [36m[1m[vite][22m[39m [90m[2m(client)[22m[39m [32mhmr update [39m[2m/src/pages/tasks/TodayTaskCards.vue[22m
[2m10:25:26[22m [36m[1m[vite][22m[39m [90m[2m(client)[22m[39m [32mhmr update [39m[2m/src/pages/Login.vue, /src/pages/Login.vue?vue&type=style&index=0&scoped=78ff0242&lang.css[22m
[2m10:27:53[22m [36m[1m[vite][22m[39m [90m[2m(client)[22m[39m [32mhmr update [39m[2m/src/pages/Login.vue, /src/pages/Login.vue?vue&type=style&index=0&scoped=78ff0242&lang.css[22m
[2m10:29:28[22m [36m[1m[vite][22m[39m [90m[2m(client)[22m[39m [32mhmr update [39m[2m/src/pages/Login.vue, /src/pages/Login.vue?vue&type=style&index=0&scoped=78ff0242&lang.css[22m
[2m10:33:15[22m [36m[1m[vite][22m[39m [90m[2m(client)[22m[39m [32mhmr update [39m[2m/src/pages/Dashboard.vue[22m
[2m10:38:23[22m [36m[1m[vite][22m[39m [90m[2m(client)[22m[39m [32mhmr update [39m[2m/src/pages/Dashboard.vue[22m
[2m10:48:24[22m [36m[1m[vite][22m[39m [90m[2m(client)[22m[39m [32mhmr update [39m[2m/src/pages/Dashboard.vue, /src/pages/InstrumentGantt.vue, /src/pages/tasks/PersonalWorkspace.vue, /src/pages/tasks/TodayTaskCards.vue, /src/pages/ProjectBoard.vue, /src/pages/projects/PlanBreakdown.vue, /src/pages/projects/ResourceLedger.vue, /src/pages/kanban/ProjectGantt.vue, /src/pages/operations/DetailedReports.vue, /src/pages/ProjectDAG.vue, /src/pages/schedule/ScheduleRules.vue, /src/pages/system/AlertPush.vue[22m
[2m10:49:23[22m [36m[1m[vite][22m[39m [90m[2m(client)[22m[39m [32mhmr update [39m[2m/src/pages/tasks/PersonalWorkspace.vue, /src/pages/tasks/PersonalWorkspace.vue?vue&type=style&index=0&scoped=3bf49017&lang.css[22m
[2m10:56:37[22m [36m[1m[vite][22m[39m [90m[2m(client)[22m[39m [32mpage reload [39m[2msrc/router/index.ts[22m
[2m10:56:37[22m [36m[1m[vite][22m[39m [90m[2m(client)[22m[39m [32mhmr update [39m[2m/src/components/AppLayout.vue[22m
[2m10:56:37[22m [36m[1m[vite][22m[39m [90m[2m(client)[22m[39m [32mhmr update [39m[2m/src/pages/tasks/PersonalWorkspace.vue, /src/pages/tasks/PersonalWorkspace.vue?vue&type=style&index=0&scoped=3bf49017&lang.css[22m
[2m10:59:40[22m [36m[1m[vite][22m[39m [90m[2m(client)[22m[39m [32mhmr update [39m[2m/src/pages/Dashboard.vue, /src/pages/InstrumentGantt.vue, /src/pages/tasks/PersonalWorkspace.vue, /src/pages/tasks/TodayTaskCards.vue, /src/pages/ProjectBoard.vue, /src/pages/projects/PlanBreakdown.vue, /src/pages/projects/ResourceLedger.vue, /src/pages/kanban/ProjectGantt.vue, /src/pages/operations/DetailedReports.vue, /src/pages/ProjectDAG.vue, /src/pages/schedule/ScheduleRules.vue, /src/pages/system/AlertPush.vue, /src/pages/tasks/InstrumentFaults.vue[22m
[2m11:00:15[22m [36m[1m[vite][22m[39m [90m[2m(client)[22m[39m [32mhmr update [39m[2m/src/pages/tasks/InstrumentFaults.vue[22m
[2m11:06:57[22m [36m[1m[vite][22m[39m [90m[2m(client)[22m[39m [32mhmr update [39m[2m/src/pages/projects/PlanBreakdown.vue[22m
[2m11:09:49[22m [36m[1m[vite][22m[39m [90m[2m(client)[22m[39m [32mhmr update [39m[2m/src/pages/Dashboard.vue, /src/pages/InstrumentGantt.vue, /src/pages/tasks/PersonalWorkspace.vue, /src/pages/tasks/TodayTaskCards.vue, /src/pages/ProjectBoard.vue, /src/pages/projects/PlanBreakdown.vue, /src/pages/projects/ResourceLedger.vue, /src/pages/kanban/ProjectGantt.vue, /src/pages/operations/DetailedReports.vue, /src/pages/ProjectDAG.vue, /src/pages/schedule/ScheduleRules.vue, /src/pages/system/AlertPush.vue, /src/pages/tasks/InstrumentFaults.vue[22m
[2m11:09:49[22m [36m[1m[vite][22m[39m [90m[2m(client)[22m[39m [32mhmr update [39m[2m/src/pages/tasks/InstrumentFaults.vue[22m
[2m11:10:57[22m [36m[1m[vite][22m[39m [90m[2m(client)[22m[39m [32mhmr update [39m[2m/src/pages/tasks/InstrumentFaults.vue[22m
[2m11:11:15[22m [36m[1m[vite][22m[39m [90m[2m(client)[22m[39m [32mhmr update [39m[2m/src/pages/tasks/InstrumentFaults.vue[22m
[2m11:16:52[22m [36m[1m[vite][22m[39m [90m[2m(client)[22m[39m [32mhmr update [39m[2m/src/pages/tasks/InstrumentFaults.vue, /src/pages/tasks/InstrumentFaults.vue?vue&type=style&index=0&scoped=d465d55f&lang.css[22m
[2m11:17:17[22m [36m[1m[vite][22m[39m [90m[2m(client)[22m[39m [32mhmr update [39m[2m/src/pages/tasks/InstrumentFaults.vue[22m
[2m11:19:20[22m [36m[1m[vite][22m[39m [90m[2m(client)[22m[39m [32mhmr update [39m[2m/src/pages/projects/PlanBreakdown.vue[22m
[2m11:19:20[22m [36m[1m[vite][22m[39m [90m[2m(client)[22m[39m [32mhmr update [39m[2m/src/pages/ProjectBoard.vue[22m
[2m11:30:18[22m [36m[1m[vite][22m[39m [90m[2m(client)[22m[39m [32mhmr update [39m[2m/src/pages/Dashboard.vue, /src/pages/InstrumentGantt.vue, /src/pages/tasks/PersonalWorkspace.vue, /src/pages/tasks/TodayTaskCards.vue, /src/pages/ProjectBoard.vue, /src/pages/projects/PlanBreakdown.vue, /src/pages/projects/ResourceLedger.vue, /src/pages/kanban/ProjectGantt.vue, /src/pages/operations/DetailedReports.vue, /src/pages/ProjectDAG.vue, /src/pages/schedule/ScheduleRules.vue, /src/pages/system/AlertPush.vue, /src/pages/tasks/InstrumentFaults.vue, /src/pages/system/UserManagement.vue, /src/pages/system/SystemBasic.vue[22m
[2m11:30:18[22m [36m[1m[vite][22m[39m [90m[2m(client)[22m[39m [32mhmr update [39m[2m/src/pages/Dashboard.vue[22m
[2m11:32:54[22m [36m[1m[vite][22m[39m [90m[2m(client)[22m[39m [32mhmr update [39m[2m/src/pages/Dashboard.vue, /src/pages/InstrumentGantt.vue, /src/pages/tasks/PersonalWorkspace.vue, /src/pages/tasks/TodayTaskCards.vue, /src/pages/ProjectBoard.vue, /src/pages/projects/PlanBreakdown.vue, /src/pages/projects/ResourceLedger.vue, /src/pages/kanban/ProjectGantt.vue, /src/pages/operations/DetailedReports.vue, /src/pages/ProjectDAG.vue, /src/pages/schedule/ScheduleRules.vue, /src/pages/system/AlertPush.vue, /src/pages/tasks/InstrumentFaults.vue, /src/pages/system/UserManagement.vue, /src/pages/system/SystemBasic.vue[22m
[2m11:33:38[22m [36m[1m[vite][22m[39m [90m[2m(client)[22m[39m [32mhmr update [39m[2m/src/pages/system/AlertPush.vue[22m
[2m11:38:25[22m [36m[1m[vite][22m[39m [90m[2m(client)[22m[39m [32mhmr update [39m[2m/src/pages/system/AlertPush.vue, /src/pages/system/AlertPush.vue?vue&type=style&index=0&scoped=7968d34a&lang.css[22m
[2m11:45:37[22m [36m[1m[vite][22m[39m [90m[2m(client)[22m[39m [32mhmr update [39m[2m/src/pages/Dashboard.vue, /src/pages/InstrumentGantt.vue, /src/pages/tasks/PersonalWorkspace.vue, /src/pages/tasks/TodayTaskCards.vue, /src/pages/ProjectBoard.vue, /src/pages/projects/PlanBreakdown.vue, /src/pages/projects/ResourceLedger.vue, /src/pages/kanban/ProjectGantt.vue, /src/pages/operations/DetailedReports.vue, /src/pages/ProjectDAG.vue, /src/pages/schedule/ScheduleRules.vue, /src/pages/system/AlertPush.vue, /src/pages/tasks/InstrumentFaults.vue, /src/pages/system/UserManagement.vue, /src/pages/system/SystemBasic.vue[22m
[2m11:45:55[22m [36m[1m[vite][22m[39m [90m[2m(client)[22m[39m [32mhmr update [39m[2m/src/pages/system/UserManagement.vue[22m
[2m11:46:33[22m [36m[1m[vite][22m[39m [90m[2m(client)[22m[39m [32mhmr update [39m[2m/src/pages/system/AlertPush.vue, /src/pages/system/AlertPush.vue?vue&type=style&index=0&scoped=7968d34a&lang.css[22m
[2m12:17:41[22m [36m[1m[vite][22m[39m [90m[2m(client)[22m[39m [32mhmr update [39m[2m/src/pages/Dashboard.vue, /src/pages/InstrumentGantt.vue, /src/pages/tasks/PersonalWorkspace.vue, /src/pages/tasks/TodayTaskCards.vue, /src/pages/ProjectBoard.vue, /src/pages/projects/PlanBreakdown.vue, /src/pages/projects/ResourceLedger.vue, /src/pages/kanban/ProjectGantt.vue, /src/pages/operations/DetailedReports.vue, /src/pages/ProjectDAG.vue, /src/pages/schedule/ScheduleRules.vue, /src/pages/system/AlertPush.vue, /src/pages/tasks/InstrumentFaults.vue, /src/pages/system/UserManagement.vue, /src/pages/system/SystemBasic.vue[22m
[2m12:18:27[22m [36m[1m[vite][22m[39m [90m[2m(client)[22m[39m [32mhmr update [39m[2m/src/components/AppLayout.vue[22m
[2m12:25:08[22m [36m[1m[vite][22m[39m [90m[2m(client)[22m[39m [32mhmr update [39m[2m/src/components/AppLayout.vue, /src/components/AppLayout.vue?vue&type=style&index=0&scoped=6f6437fc&lang.css[22m
[2m12:31:50[22m [36m[1m[vite][22m[39m [90m[2m(client)[22m[39m [32mhmr update [39m[2m/src/pages/Dashboard.vue[22m
[2m12:34:35[22m [36m[1m[vite][22m[39m [90m[2m(client)[22m[39m [32mhmr update [39m[2m/src/pages/Dashboard.vue, /src/pages/Dashboard.vue?vue&type=style&index=0&scoped=52e31af6&lang.css[22m
[2m12:39:05[22m [36m[1m[vite][22m[39m [90m[2m(client)[22m[39m [32mhmr update [39m[2m/src/pages/tasks/InstrumentFaults.vue[22m
[2m12:40:36[22m [36m[1m[vite][22m[39m [90m[2m(client)[22m[39m [32mhmr update [39m[2m/src/pages/tasks/InstrumentFaults.vue, /src/pages/tasks/InstrumentFaults.vue?vue&type=style&index=0&scoped=d465d55f&lang.css[22m
[2m12:42:57[22m [36m[1m[vite][22m[39m [90m[2m(client)[22m[39m [32mhmr update [39m[2m/src/pages/tasks/InstrumentFaults.vue, /src/pages/tasks/InstrumentFaults.vue?vue&type=style&index=0&scoped=d465d55f&lang.css[22m
[2m12:48:59[22m [36m[1m[vite][22m[39m [90m[2m(client)[22m[39m [32mhmr update [39m[2m/src/pages/InstrumentGantt.vue[22m
[2m12:49:39[22m [36m[1m[vite][22m[39m [90m[2m(client)[22m[39m [32mhmr update [39m[2m/src/pages/InstrumentGantt.vue[22m
[2m12:49:59[22m [36m[1m[vite][22m[39m [90m[2m(client)[22m[39m [32mhmr update [39m[2m/src/pages/InstrumentGantt.vue[22m
[2m12:50:57[22m [36m[1m[vite][22m[39m [90m[2m(client)[22m[39m [32mhmr update [39m[2m/src/pages/InstrumentGantt.vue?vue&type=style&index=0&scoped=3483692d&lang.css[22m
[2m12:53:13[22m [36m[1m[vite][22m[39m [90m[2m(client)[22m[39m [32mhmr update [39m[2m/src/pages/InstrumentGantt.vue, /src/pages/InstrumentGantt.vue?vue&type=style&index=0&scoped=3483692d&lang.css[22m
[2m13:03:55[22m [36m[1m[vite][22m[39m [90m[2m(client)[22m[39m [32mhmr update [39m[2m/src/pages/InstrumentGantt.vue[22m
[2m13:04:04[22m [36m[1m[vite][22m[39m [90m[2m(client)[22m[39m [32mhmr update [39m[2m/src/pages/InstrumentGantt.vue[22m
[2m13:04:19[22m [36m[1m[vite][22m[39m [90m[2m(client)[22m[39m [32mhmr update [39m[2m/src/pages/InstrumentGantt.vue[22m
[2m13:04:26[22m [36m[1m[vite][22m[39m [90m[2m(client)[22m[39m [32mhmr update [39m[2m/src/pages/InstrumentGantt.vue[22m
[2m13:04:35[22m [36m[1m[vite][22m[39m [90m[2m(client)[22m[39m [32mhmr update [39m[2m/src/pages/InstrumentGantt.vue[22m
[2m13:04:40[22m [36m[1m[vite][22m[39m [90m[2m(client)[22m[39m [32mhmr update [39m[2m/src/pages/InstrumentGantt.vue[22m
[2m13:05:08[22m [36m[1m[vite][22m[39m [90m[2m(client)[22m[39m [32mhmr update [39m[2m/src/pages/InstrumentGantt.vue[22m
[2m13:05:12[22m [36m[1m[vite][22m[39m [90m[2m(client)[22m[39m [32mhmr update [39m[2m/src/pages/InstrumentGantt.vue[22m
[2m13:05:21[22m [36m[1m[vite][22m[39m [90m[2m(client)[22m[39m [32mhmr update [39m[2m/src/pages/InstrumentGantt.vue[22m
[2m13:05:25[22m [36m[1m[vite][22m[39m [90m[2m(client)[22m[39m [32mhmr update [39m[2m/src/pages/InstrumentGantt.vue[22m
[2m13:05:47[22m [36m[1m[vite][22m[39m [90m[2m(client)[22m[39m [32mhmr update [39m[2m/src/pages/InstrumentGantt.vue?vue&type=style&index=0&scoped=3483692d&lang.css[22m
[2m13:05:58[22m [36m[1m[vite][22m[39m [90m[2m(client)[22m[39m [32mhmr update [39m[2m/src/pages/InstrumentGantt.vue?vue&type=style&index=0&scoped=3483692d&lang.css[22m
[2m13:06:32[22m [36m[1m[vite][22m[39m [90m[2m(client)[22m[39m [32mhmr update [39m[2m/src/pages/InstrumentGantt.vue?vue&type=style&index=0&scoped=3483692d&lang.css[22m
[2m13:06:59[22m [36m[1m[vite][22m[39m [90m[2m(client)[22m[39m [32mhmr update [39m[2m/src/pages/InstrumentGantt.vue?vue&type=style&index=0&scoped=3483692d&lang.css[22m
[2m13:14:53[22m [36m[1m[vite][22m[39m [90m[2m(client)[22m[39m [32mhmr update [39m[2m/src/pages/InstrumentGantt.vue[22m
[2m13:14:56[22m [36m[1m[vite][22m[39m [90m[2m(client)[22m[39m [32mhmr update [39m[2m/src/pages/InstrumentGantt.vue[22m
[2m13:15:02[22m [36m[1m[vite][22m[39m [90m[2m(client)[22m[39m [32mhmr update [39m[2m/src/pages/InstrumentGantt.vue[22m
[2m13:15:09[22m [36m[1m[vite][22m[39m [90m[2m(client)[22m[39m [32mhmr update [39m[2m/src/pages/InstrumentGantt.vue[22m
[2m13:15:23[22m [36m[1m[vite][22m[39m [90m[2m(client)[22m[39m [32mhmr update [39m[2m/src/pages/InstrumentGantt.vue[22m
[2m13:15:28[22m [36m[1m[vite][22m[39m [90m[2m(client)[22m[39m [32mhmr update [39m[2m/src/pages/InstrumentGantt.vue[22m
[2m13:15:45[22m [36m[1m[vite][22m[39m [90m[2m(client)[22m[39m [32mhmr update [39m[2m/src/pages/InstrumentGantt.vue?vue&type=style&index=0&scoped=3483692d&lang.css[22m
[2m13:15:53[22m [36m[1m[vite][22m[39m [90m[2m(client)[22m[39m [32mhmr update [39m[2m/src/pages/InstrumentGantt.vue?vue&type=style&index=0&scoped=3483692d&lang.css[22m
[2m13:17:50[22m [36m[1m[vite][22m[39m [90m[2m(client)[22m[39m [32mhmr update [39m[2m/src/pages/InstrumentGantt.vue[22m
[2m13:18:02[22m [36m[1m[vite][22m[39m [90m[2m(client)[22m[39m [32mhmr update [39m[2m/src/pages/InstrumentGantt.vue?vue&type=style&index=0&scoped=3483692d&lang.css[22m
[2m13:18:11[22m [36m[1m[vite][22m[39m [90m[2m(client)[22m[39m [32mhmr update [39m[2m/src/pages/InstrumentGantt.vue[22m
[2m13:18:16[22m [36m[1m[vite][22m[39m [90m[2m(client)[22m[39m [32mhmr update [39m[2m/src/pages/InstrumentGantt.vue?vue&type=style&index=0&scoped=3483692d&lang.css[22m
[2m13:19:21[22m [36m[1m[vite][22m[39m [90m[2m(client)[22m[39m [32mhmr update [39m[2m/src/pages/InstrumentGantt.vue?vue&type=style&index=0&scoped=3483692d&lang.css[22m
[2m13:20:33[22m [36m[1m[vite][22m[39m [90m[2m(client)[22m[39m [32mhmr update [39m[2m/src/pages/InstrumentGantt.vue, /src/pages/InstrumentGantt.vue?vue&type=style&index=0&scoped=3483692d&lang.css[22m
[2m13:20:43[22m [36m[1m[vite][22m[39m [90m[2m(client)[22m[39m [32mhmr update [39m[2m/src/pages/InstrumentGantt.vue?vue&type=style&index=0&scoped=3483692d&lang.css[22m
[2m13:22:30[22m [36m[1m[vite][22m[39m [90m[2m(client)[22m[39m [32mhmr update [39m[2m/src/pages/InstrumentGantt.vue, /src/pages/InstrumentGantt.vue?vue&type=style&index=0&scoped=3483692d&lang.css[22m
[2m13:22:43[22m [36m[1m[vite][22m[39m [90m[2m(client)[22m[39m [32mhmr update [39m[2m/src/pages/InstrumentGantt.vue?vue&type=style&index=0&scoped=3483692d&lang.css[22m
[2m13:23:04[22m [36m[1m[vite][22m[39m [90m[2m(client)[22m[39m [32mhmr update [39m[2m/src/pages/InstrumentGantt.vue, /src/pages/InstrumentGantt.vue?vue&type=style&index=0&scoped=3483692d&lang.css[22m
[2m13:24:36[22m [36m[1m[vite][22m[39m [90m[2m(client)[22m[39m [32mhmr update [39m[2m/src/pages/InstrumentGantt.vue[22m
[2m13:28:27[22m [36m[1m[vite][22m[39m [90m[2m(client)[22m[39m [32mhmr update [39m[2m/src/pages/InstrumentGantt.vue[22m
[2m13:28:47[22m [36m[1m[vite][22m[39m [90m[2m(client)[22m[39m [32mhmr update [39m[2m/src/pages/InstrumentGantt.vue[22m
[2m13:28:58[22m [36m[1m[vite][22m[39m [90m[2m(client)[22m[39m [32mhmr update [39m[2m/src/pages/InstrumentGantt.vue[22m
