
  [32m[1mVITE[22m v6.4.3[39m  [2mready in [0m[1m7208[22m[2m[0m ms[22m

  [32m➜[39m  [1mLocal[22m:   [36mhttp://127.0.0.1:[1m3000[22m/[39m
[2m[32m  ➜[39m[22m[2m  press [22m[1mh + enter[22m[2m to show help[22m
[2m15:59:35[22m [36m[1m[vite][22m[39m [90m[2m(client)[22m[39m [32mhmr update [39m[2m/src/pages/system/UserManagement.vue[22m
[2m16:26:02[22m [36m[1m[vite][22m[39m [90m[2m(client)[22m[39m [32mhmr update [39m[2m/src/components/AppLayout.vue[22m
[2m17:13:08[22m [36m[1m[vite][22m[39m [90m[2m(client)[22m[39m [32mhmr update [39m[2m/src/pages/system/UserManagement.vue[22m
[2m17:16:38[22m [36m[1m[vite][22m[39m [90m[2m(client)[22m[39m [32mpage reload [39m[2msrc/main.ts[22m
[2m17:17:09[22m [36m[1m[vite][22m[39m [90m[2m(client)[22m[39m [32m✨ new dependencies optimized: [33mdayjs/locale/zh-cn[32m[39m
[2m17:17:09[22m [36m[1m[vite][22m[39m [90m[2m(client)[22m[39m [32m✨ optimized dependencies changed. reloading[39m
[2m17:22:46[22m [36m[1m[vite][22m[39m [90m[2m(client)[22m[39m [32mhmr update [39m[2m/src/pages/ProjectBoard.vue[22m
[2m17:28:20[22m [36m[1m[vite][22m[39m [90m[2m(client)[22m[39m [32mhmr update [39m[2m/src/pages/ProjectBoard.vue[22m
[2m19:04:42[22m [36m[1m[vite][22m[39m [90m[2m(client)[22m[39m [32mhmr update [39m[2m/src/pages/projects/PlanBreakdown.vue[22m
[2m19:42:50[22m [36m[1m[vite][22m[39m [90m[2m(client)[22m[39m [32mhmr update [39m[2m/src/components/AppLayout.vue, /src/pages/Dashboard.vue, /src/pages/ScheduleManager.vue, /src/pages/schedule/ScheduleRules.vue, /src/pages/InstrumentGantt.vue, /src/pages/tasks/PersonalWorkspace.vue, /src/pages/tasks/TodayTaskCards.vue, /src/pages/ProjectBoard.vue, /src/pages/system/UserManagement.vue, /src/pages/projects/PlanBreakdown.vue, /src/pages/ProjectDAG.vue, /src/pages/kanban/HumanGantt.vue, /src/pages/kanban/ProjectGantt.vue, /src/pages/tasks/InstrumentFaults.vue, /src/pages/system/SystemBasic.vue, /src/pages/system/WorkCalendar.vue, /src/pages/operations/DetailedReports.vue[22m
[2m19:43:57[22m [36m[1m[vite][22m[39m [90m[2m(client)[22m[39m [32mhmr update [39m[2m/src/pages/operations/LabStatusScreen.vue, /src/pages/operations/LabStatusScreen.vue?vue&type=style&index=0&scoped=98d8a08a&lang.css[22m
[2m19:46:03[22m [36m[1m[vite][22m[39m [90m[2m(client)[22m[39m [32mhmr update [39m[2m/src/pages/operations/LabStatusScreen.vue[22m
[2m19:46:27[22m [36m[1m[vite][22m[39m [90m[2m(client)[22m[39m [32mhmr update [39m[2m/src/pages/operations/LabStatusScreen.vue?vue&type=style&index=0&scoped=98d8a08a&lang.css[22m
[2m08:37:34[22m [36m[1m[vite][22m[39m [90m[2m(client)[22m[39m [32mhmr update [39m[2m/src/components/AppLayout.vue, /src/pages/Dashboard.vue, /src/pages/ScheduleManager.vue, /src/pages/schedule/ScheduleRules.vue, /src/pages/InstrumentGantt.vue, /src/pages/tasks/PersonalWorkspace.vue, /src/pages/tasks/TodayTaskCards.vue, /src/pages/ProjectBoard.vue, /src/pages/system/UserManagement.vue, /src/pages/projects/PlanBreakdown.vue, /src/pages/ProjectDAG.vue, /src/pages/kanban/HumanGantt.vue, /src/pages/kanban/ProjectGantt.vue, /src/pages/tasks/InstrumentFaults.vue, /src/pages/system/SystemBasic.vue, /src/pages/system/WorkCalendar.vue, /src/pages/operations/DetailedReports.vue, /src/pages/operations/LabStatusScreen.vue[22m
[2m08:37:37[22m [36m[1m[vite][22m[39m [90m[2m(client)[22m[39m [32mhmr update [39m[2m/src/pages/tasks/PersonalWorkspace.vue[22m
[2m08:37:40[22m [36m[1m[vite][22m[39m [90m[2m(client)[22m[39m [32mhmr update [39m[2m/src/pages/tasks/TodayTaskCards.vue[22m
[2m08:40:04[22m [36m[1m[vite][22m[39m [90m[2m(client)[22m[39m [32mhmr update [39m[2m/src/pages/tasks/TodayTaskCards.vue[22m
[2m08:59:20[22m [36m[1m[vite][22m[39m [90m[2m(client)[22m[39m [32mhmr update [39m[2m/src/pages/tasks/TodayTaskCards.vue[22m
[2m09:01:11[22m [36m[1m[vite][22m[39m [90m[2m(client)[22m[39m [32mhmr update [39m[2m/src/pages/tasks/TodayTaskCards.vue[22m
[2m09:02:39[22m [36m[1m[vite][22m[39m [90m[2m(client)[22m[39m [32mhmr update [39m[2m/src/pages/tasks/TodayTaskCards.vue[22m
[2m09:09:26[22m [36m[1m[vite][22m[39m [90m[2m(client)[22m[39m [32mhmr update [39m[2m/src/pages/kanban/HumanGantt.vue[22m
[2m09:09:48[22m [36m[1m[vite][22m[39m [90m[2m(client)[22m[39m [32mhmr update [39m[2m/src/pages/kanban/HumanGantt.vue[22m
[2m09:12:09[22m [36m[1m[vite][22m[39m [90m[2m(client)[22m[39m [32mhmr update [39m[2m/src/components/AppLayout.vue[22m
[2m09:12:35[22m [36m[1m[vite][22m[39m [90m[2m(client)[22m[39m [32mpage reload [39m[2msrc/router/index.ts[22m
[2m09:18:59[22m [36m[1m[vite][22m[39m [90m[2m(client)[22m[39m [32mhmr update [39m[2m/src/components/AppLayout.vue[22m
[2m09:19:05[22m [36m[1m[vite][22m[39m [90m[2m(client)[22m[39m [32mpage reload [39m[2msrc/router/index.ts[22m
[2m09:20:04[22m [36m[1m[vite][22m[39m [90m[2m(client)[22m[39m [32mhmr update [39m[2m/src/components/AppLayout.vue[22m
[2m09:20:44[22m [36m[1m[vite][22m[39m [90m[2m(client)[22m[39m [32mhmr update [39m[2m/src/components/AppLayout.vue[22m
[2m09:20:51[22m [36m[1m[vite][22m[39m [90m[2m(client)[22m[39m [32mpage reload [39m[2msrc/router/index.ts[22m
[2m09:23:23[22m [36m[1m[vite][22m[39m [90m[2m(client)[22m[39m [32mhmr update [39m[2m/src/pages/projects/components/PlanInsertPreviewModal.vue[22m
[2m09:23:32[22m [36m[1m[vite][22m[39m [90m[2m(client)[22m[39m [32mhmr update [39m[2m/src/pages/ProjectBoard.vue[22m
[2m09:23:42[22m [36m[1m[vite][22m[39m [90m[2m(client)[22m[39m [32mhmr update [39m[2m/src/pages/ProjectBoard.vue[22m
[2m09:24:13[22m [36m[1m[vite][22m[39m [90m[2m(client)[22m[39m [32mhmr update [39m[2m/src/pages/ProjectBoard.vue[22m
[2m09:26:59[22m [36m[1m[vite][22m[39m [90m[2m(client)[22m[39m [32mhmr update [39m[2m/src/pages/ProjectBoard.vue[22m
[2m09:27:06[22m [36m[1m[vite][22m[39m [90m[2m(client)[22m[39m [32mhmr update [39m[2m/src/pages/ProjectBoard.vue[22m
[2m09:27:23[22m [36m[1m[vite][22m[39m [90m[2m(client)[22m[39m [32mhmr update [39m[2m/src/pages/ProjectBoard.vue[22m
[2m09:27:31[22m [36m[1m[vite][22m[39m [90m[2m(client)[22m[39m [32mhmr update [39m[2m/src/pages/ProjectBoard.vue[22m
[2m09:42:15[22m [36m[1m[vite][22m[39m [90m[2m(client)[22m[39m [32mhmr update [39m[2m/src/pages/ProjectBoard.vue[22m
[2m09:47:39[22m [36m[1m[vite][22m[39m [90m[2m(client)[22m[39m [32mhmr update [39m[2m/src/pages/ProjectBoard.vue[22m
[2m09:48:00[22m [36m[1m[vite][22m[39m [90m[2m(client)[22m[39m [32mhmr update [39m[2m/src/pages/ProjectBoard.vue[22m
[2m09:51:57[22m [36m[1m[vite][22m[39m [90m[2m(client)[22m[39m [32mhmr update [39m[2m/src/pages/ProjectBoard.vue[22m
[2m10:13:59[22m [36m[1m[vite][22m[39m [90m[2m(client)[22m[39m [32mhmr update [39m[2m/src/components/AppLayout.vue, /src/pages/Dashboard.vue, /src/pages/ScheduleManager.vue, /src/pages/schedule/ScheduleRules.vue, /src/pages/InstrumentGantt.vue, /src/pages/tasks/PersonalWorkspace.vue, /src/pages/tasks/TodayTaskCards.vue, /src/pages/ProjectBoard.vue, /src/pages/system/UserManagement.vue, /src/pages/projects/PlanBreakdown.vue, /src/pages/ProjectDAG.vue, /src/pages/kanban/HumanGantt.vue, /src/pages/kanban/ProjectGantt.vue, /src/pages/tasks/InstrumentFaults.vue, /src/pages/system/SystemBasic.vue, /src/pages/system/WorkCalendar.vue, /src/pages/operations/DetailedReports.vue, /src/pages/operations/LabStatusScreen.vue, /src/pages/projects/ResourceLedger.vue, /src/pages/schedule/InsertOrder.vue[22m
[2m10:14:12[22m [36m[1m[vite][22m[39m [90m[2m(client)[22m[39m [32mhmr update [39m[2m/src/components/AppLayout.vue[22m
[2m10:18:11[22m [36m[1m[vite][22m[39m [90m[2m(client)[22m[39m [32mhmr update [39m[2m/src/components/AppLayout.vue[22m
[2m10:18:40[22m [36m[1m[vite][22m[39m [90m[2m(client)[22m[39m [32mhmr update [39m[2m/src/components/AppLayout.vue[22m
[2m10:30:44[22m [36m[1m[vite][22m[39m [90m[2m(client)[22m[39m [32mhmr update [39m[2m/src/pages/schedule/InsertOrder.vue[22m
[2m10:35:41[22m [36m[1m[vite][22m[39m [90m[2m(client)[22m[39m [32mhmr update [39m[2m/src/pages/kanban/HumanGantt.css?vue&type=style&index=0&src=6ab8cb2d&scoped=6ab8cb2d&lang.css[22m
[2m10:46:42[22m [36m[1m[vite][22m[39m [90m[2m(client)[22m[39m [32mpage reload [39m[2msrc/router/index.ts[22m
[2m10:46:48[22m [36m[1m[vite][22m[39m [90m[2m(client)[22m[39m [32mhmr update [39m[2m/src/components/AppLayout.vue[22m
[2m10:49:55[22m [36m[1m[vite][22m[39m [90m[2m(client)[22m[39m [32mhmr update [39m[2m/src/pages/operations/LabOperationsDashboard.vue, /src/pages/operations/LabOperationsDashboard.vue?vue&type=style&index=0&scoped=5533f93c&lang.css[22m
[2m10:53:08[22m [36m[1m[vite][22m[39m [90m[2m(client)[22m[39m [32mhmr update [39m[2m/src/pages/operations/LabOperationsDashboard.vue, /src/pages/operations/LabOperationsDashboard.vue?vue&type=style&index=0&scoped=5533f93c&lang.css[22m
[2m10:54:53[22m [36m[1m[vite][22m[39m [90m[2m(client)[22m[39m [32mhmr update [39m[2m/src/pages/operations/LabOperationsDashboard.vue[22m
[2m10:55:03[22m [36m[1m[vite][22m[39m [90m[2m(client)[22m[39m [32mhmr update [39m[2m/src/pages/operations/LabOperationsDashboard.vue[22m
[2m10:57:40[22m [36m[1m[vite][22m[39m [90m[2m(client)[22m[39m [32mhmr update [39m[2m/src/pages/operations/LabOperationsDashboard.vue[22m
[2m10:57:53[22m [36m[1m[vite][22m[39m [90m[2m(client)[22m[39m [32mhmr update [39m[2m/src/pages/operations/LabOperationsDashboard.vue?vue&type=style&index=0&scoped=5533f93c&lang.css[22m
[2m11:00:31[22m [36m[1m[vite][22m[39m [90m[2m(client)[22m[39m [32mhmr update [39m[2m/src/pages/operations/LabOperationsDashboard.vue[22m
[2m11:00:42[22m [36m[1m[vite][22m[39m [90m[2m(client)[22m[39m [32mhmr update [39m[2m/src/pages/operations/LabOperationsDashboard.vue?vue&type=style&index=0&scoped=5533f93c&lang.css[22m
[2m11:01:42[22m [36m[1m[vite][22m[39m [90m[2m(client)[22m[39m [32mhmr update [39m[2m/src/pages/operations/LabOperationsDashboard.vue?vue&type=style&index=0&scoped=5533f93c&lang.css[22m
[2m11:02:55[22m [36m[1m[vite][22m[39m [90m[2m(client)[22m[39m [32mhmr update [39m[2m/src/pages/operations/LabOperationsDashboard.vue?vue&type=style&index=0&scoped=5533f93c&lang.css[22m
[2m11:03:54[22m [36m[1m[vite][22m[39m [90m[2m(client)[22m[39m [32mhmr update [39m[2m/src/pages/operations/LabOperationsDashboard.vue, /src/pages/operations/LabOperationsDashboard.vue?vue&type=style&index=0&scoped=5533f93c&lang.css[22m
[2m11:05:02[22m [36m[1m[vite][22m[39m [90m[2m(client)[22m[39m [32mhmr update [39m[2m/src/pages/operations/LabOperationsDashboard.vue?vue&type=style&index=0&scoped=5533f93c&lang.css[22m
[2m11:06:58[22m [36m[1m[vite][22m[39m [90m[2m(client)[22m[39m [32mhmr update [39m[2m/src/pages/operations/LabOperationsDashboard.vue, /src/pages/operations/LabOperationsDashboard.vue?vue&type=style&index=0&scoped=5533f93c&lang.css[22m
[2m11:08:06[22m [36m[1m[vite][22m[39m [90m[2m(client)[22m[39m [32mhmr update [39m[2m/src/pages/operations/LabOperationsDashboard.vue?vue&type=style&index=0&scoped=5533f93c&lang.css[22m
[2m11:09:26[22m [36m[1m[vite][22m[39m [90m[2m(client)[22m[39m [32mhmr update [39m[2m/src/pages/operations/LabOperationsDashboard.vue?vue&type=style&index=0&scoped=5533f93c&lang.css[22m
[2m11:16:03[22m [36m[1m[vite][22m[39m [90m[2m(client)[22m[39m [32mhmr update [39m[2m/src/pages/operations/LabOperationsDashboard.vue[22m
[2m11:18:01[22m [36m[1m[vite][22m[39m [90m[2m(client)[22m[39m [32mhmr update [39m[2m/src/pages/operations/LabOperationsDashboard.vue?vue&type=style&index=0&scoped=5533f93c&lang.css[22m
[2m11:20:18[22m [36m[1m[vite][22m[39m [90m[2m(client)[22m[39m [32mhmr update [39m[2m/src/pages/operations/LabOperationsDashboard.vue, /src/pages/operations/LabOperationsDashboard.vue?vue&type=style&index=0&scoped=5533f93c&lang.css[22m
[2m11:21:47[22m [36m[1m[vite][22m[39m [90m[2m(client)[22m[39m [32mhmr update [39m[2m/src/pages/operations/LabOperationsDashboard.vue, /src/pages/operations/LabOperationsDashboard.vue?vue&type=style&index=0&scoped=5533f93c&lang.css[22m
[2m11:24:20[22m [36m[1m[vite][22m[39m [90m[2m(client)[22m[39m [32mhmr update [39m[2m/src/pages/operations/LabOperationsDashboard.vue[22m
[2m11:24:38[22m [36m[1m[vite][22m[39m [90m[2m(client)[22m[39m [32mhmr update [39m[2m/src/pages/operations/LabOperationsDashboard.vue?vue&type=style&index=0&scoped=5533f93c&lang.css[22m
[2m11:24:50[22m [36m[1m[vite][22m[39m [90m[2m(client)[22m[39m [32mhmr update [39m[2m/src/pages/operations/LabOperationsDashboard.vue[22m
[2m11:25:03[22m [36m[1m[vite][22m[39m [90m[2m(client)[22m[39m [32mhmr update [39m[2m/src/pages/operations/LabOperationsDashboard.vue?vue&type=style&index=0&scoped=5533f93c&lang.css[22m
[2m11:25:11[22m [36m[1m[vite][22m[39m [90m[2m(client)[22m[39m [32mhmr update [39m[2m/src/pages/operations/LabOperationsDashboard.vue?vue&type=style&index=0&scoped=5533f93c&lang.css[22m
[2m11:26:32[22m [36m[1m[vite][22m[39m [90m[2m(client)[22m[39m [32mhmr update [39m[2m/src/pages/operations/LabOperationsDashboard.vue[22m
[2m11:28:25[22m [36m[1m[vite][22m[39m [90m[2m(client)[22m[39m [32mhmr update [39m[2m/src/pages/operations/LabOperationsDashboard.vue[22m
[2m11:29:27[22m [36m[1m[vite][22m[39m [90m[2m(client)[22m[39m [32mhmr update [39m[2m/src/pages/operations/LabOperationsDashboard.vue[22m
[2m11:33:35[22m [36m[1m[vite][22m[39m [90m[2m(client)[22m[39m [32mhmr update [39m[2m/src/pages/operations/LabOperationsDashboard.vue[22m
[2m11:35:07[22m [36m[1m[vite][22m[39m [90m[2m(client)[22m[39m [32mhmr update [39m[2m/src/pages/operations/LabOperationsDashboard.vue?vue&type=style&index=0&scoped=5533f93c&lang.css[22m
[2m11:35:16[22m [36m[1m[vite][22m[39m [90m[2m(client)[22m[39m [32mhmr update [39m[2m/src/pages/operations/LabOperationsDashboard.vue?vue&type=style&index=0&scoped=5533f93c&lang.css[22m
[2m11:36:55[22m [36m[1m[vite][22m[39m [90m[2m(client)[22m[39m [32mhmr update [39m[2m/src/pages/operations/LabOperationsDashboard.vue[22m
[2m11:37:10[22m [36m[1m[vite][22m[39m [90m[2m(client)[22m[39m [32mhmr update [39m[2m/src/pages/operations/LabOperationsDashboard.vue?vue&type=style&index=0&scoped=5533f93c&lang.css[22m
[2m11:38:34[22m [36m[1m[vite][22m[39m [90m[2m(client)[22m[39m [32mhmr update [39m[2m/src/pages/operations/LabOperationsDashboard.vue[22m
[2m11:39:01[22m [36m[1m[vite][22m[39m [90m[2m(client)[22m[39m [32mhmr update [39m[2m/src/pages/operations/LabOperationsDashboard.vue?vue&type=style&index=0&scoped=5533f93c&lang.css[22m
[2m11:39:20[22m [36m[1m[vite][22m[39m [90m[2m(client)[22m[39m [32mhmr update [39m[2m/src/pages/operations/LabOperationsDashboard.vue?vue&type=style&index=0&scoped=5533f93c&lang.css[22m
[2m12:04:46[22m [36m[1m[vite][22m[39m [90m[2m(client)[22m[39m [32mhmr update [39m[2m/src/pages/operations/LabOperationsDashboard.vue[22m
[2m12:05:18[22m [36m[1m[vite][22m[39m [90m[2m(client)[22m[39m [32mhmr update [39m[2m/src/pages/operations/LabOperationsDashboard.vue?vue&type=style&index=0&scoped=5533f93c&lang.css[22m
[2m12:12:18[22m [36m[1m[vite][22m[39m [90m[2m(client)[22m[39m [32mhmr update [39m[2m/src/pages/operations/LabOperationsDashboard.vue?vue&type=style&index=0&scoped=5533f93c&lang.css[22m
[2m12:46:13[22m [36m[1m[vite][22m[39m [90m[2m(client)[22m[39m [32mhmr update [39m[2m/src/pages/operations/LabOperationsDashboard.vue?vue&type=style&index=0&scoped=5533f93c&lang.css[22m
[2m12:52:18[22m [36m[1m[vite][22m[39m [90m[2m(client)[22m[39m [32mhmr update [39m[2m/src/pages/operations/LabOperationsDashboard.vue, /src/pages/operations/LabOperationsDashboard.vue?vue&type=style&index=0&scoped=5533f93c&lang.css[22m
[2m12:55:28[22m [36m[1m[vite][22m[39m [90m[2m(client)[22m[39m [32mhmr update [39m[2m/src/pages/operations/LabOperationsDashboard.vue?vue&type=style&index=0&scoped=5533f93c&lang.css[22m
[2m12:55:49[22m [36m[1m[vite][22m[39m [90m[2m(client)[22m[39m [32mhmr update [39m[2m/src/pages/operations/LabOperationsDashboard.vue?vue&type=style&index=0&scoped=5533f93c&lang.css[22m
[2m12:58:58[22m [36m[1m[vite][22m[39m [90m[2m(client)[22m[39m [32mhmr update [39m[2m/src/pages/operations/LabOperationsDashboard.vue?vue&type=style&index=0&scoped=5533f93c&lang.css[22m
[2m13:02:23[22m [36m[1m[vite][22m[39m [90m[2m(client)[22m[39m [32mhmr update [39m[2m/src/pages/operations/LabOperationsDashboard.vue, /src/pages/operations/LabOperationsDashboard.vue?vue&type=style&index=0&scoped=5533f93c&lang.css[22m
[2m13:03:17[22m [36m[1m[vite][22m[39m [90m[2m(client)[22m[39m [32mhmr update [39m[2m/src/pages/operations/LabOperationsDashboard.vue?vue&type=style&index=0&scoped=5533f93c&lang.css[22m
[2m13:07:08[22m [36m[1m[vite][22m[39m [90m[2m(client)[22m[39m [32mhmr update [39m[2m/src/pages/operations/LabOperationsDashboard.vue?vue&type=style&index=0&scoped=5533f93c&lang.css[22m
[2m13:23:41[22m [36m[1m[vite][22m[39m [90m[2m(client)[22m[39m [32mhmr update [39m[2m/src/components/AppLayout.vue, /src/components/AppLayout.vue?vue&type=style&index=0&scoped=6f6437fc&lang.css[22m
[2m13:27:20[22m [36m[1m[vite][22m[39m [90m[2m(client)[22m[39m [32mhmr update [39m[2m/src/components/AppLayout.vue, /src/components/AppLayout.vue?vue&type=style&index=0&scoped=6f6437fc&lang.css[22m
[2m13:29:38[22m [36m[1m[vite][22m[39m [90m[2m(client)[22m[39m [32mhmr update [39m[2m/src/pages/operations/LabOperationsDashboard.vue[22m
[2m13:35:15[22m [36m[1m[vite][22m[39m [90m[2m(client)[22m[39m [32mhmr update [39m[2m/src/components/AppLayout.vue, /src/pages/Dashboard.vue, /src/pages/ScheduleManager.vue, /src/pages/schedule/ScheduleRules.vue, /src/pages/InstrumentGantt.vue, /src/pages/tasks/PersonalWorkspace.vue, /src/pages/tasks/TodayTaskCards.vue, /src/pages/ProjectBoard.vue, /src/pages/system/UserManagement.vue, /src/pages/projects/PlanBreakdown.vue, /src/pages/ProjectDAG.vue, /src/pages/kanban/HumanGantt.vue, /src/pages/kanban/ProjectGantt.vue, /src/pages/tasks/InstrumentFaults.vue, /src/pages/system/SystemBasic.vue, /src/pages/system/WorkCalendar.vue, /src/pages/operations/DetailedReports.vue, /src/pages/operations/LabStatusScreen.vue, /src/pages/projects/ResourceLedger.vue, /src/pages/schedule/InsertOrder.vue, /src/pages/operations/LabOperationsDashboard.vue[22m
[2m13:35:16[22m [36m[1m[vite][22m[39m [90m[2m(client)[22m[39m [32mhmr update [39m[2m/src/pages/operations/LabOperationsDashboard.vue, /src/pages/operations/LabOperationsDashboard.vue?vue&type=style&index=0&scoped=5533f93c&lang.css[22m
[2m13:44:37[22m [36m[1m[vite][22m[39m [90m[2m(client)[22m[39m [32mhmr update [39m[2m/src/pages/operations/LabOperationsDashboard.vue, /src/pages/operations/LabOperationsDashboard.vue?vue&type=style&index=0&scoped=5533f93c&lang.css[22m
[2m13:51:56[22m [36m[1m[vite][22m[39m [90m[2m(client)[22m[39m [32mhmr update [39m[2m/src/pages/tasks/TodayTaskCards.vue[22m
